[2025-04-30 22:34:28] local.ERROR: Command "server" is not defined.

Did you mean one of these?
    make:observer
    serve {"exception":"[object] (Symfony\\Component\\Console\\Exception\\CommandNotFoundException(code: 0): Command \"server\" is not defined.

Did you mean one of these?
    make:observer
    serve at /Users/darkmariod/Documents/GitHub/Laravel/projects-monkey/inventory/api-inventory/vendor/symfony/console/Application.php:726)
[stacktrace]
#0 /Users/darkmariod/Documents/GitHub/Laravel/projects-monkey/inventory/api-inventory/vendor/symfony/console/Application.php(284): Symfony\\Component\\Console\\Application->find('server')
#1 /Users/darkmariod/Documents/GitHub/Laravel/projects-monkey/inventory/api-inventory/vendor/symfony/console/Application.php(193): Symfony\\Component\\Console\\Application->doRun(Object(Symfony\\Component\\Console\\Input\\ArgvInput), Object(Symfony\\Component\\Console\\Output\\ConsoleOutput))
#2 /Users/darkmariod/Documents/GitHub/Laravel/projects-monkey/inventory/api-inventory/vendor/laravel/framework/src/Illuminate/Foundation/Console/Kernel.php(198): Symfony\\Component\\Console\\Application->run(Object(Symfony\\Component\\Console\\Input\\ArgvInput), Object(Symfony\\Component\\Console\\Output\\ConsoleOutput))
#3 /Users/darkmariod/Documents/GitHub/Laravel/projects-monkey/inventory/api-inventory/vendor/laravel/framework/src/Illuminate/Foundation/Application.php(1235): Illuminate\\Foundation\\Console\\Kernel->handle(Object(Symfony\\Component\\Console\\Input\\ArgvInput), Object(Symfony\\Component\\Console\\Output\\ConsoleOutput))
#4 /Users/darkmariod/Documents/GitHub/Laravel/projects-monkey/inventory/api-inventory/artisan(13): Illuminate\\Foundation\\Application->handleCommand(Object(Symfony\\Component\\Console\\Input\\ArgvInput))
#5 {main}
"} 
[2025-04-30 22:34:33] local.ERROR: Command "sever" is not defined. {"exception":"[object] (Symfony\\Component\\Console\\Exception\\CommandNotFoundException(code: 0): Command \"sever\" is not defined. at /Users/darkmariod/Documents/GitHub/Laravel/projects-monkey/inventory/api-inventory/vendor/symfony/console/Application.php:726)
[stacktrace]
#0 /Users/darkmariod/Documents/GitHub/Laravel/projects-monkey/inventory/api-inventory/vendor/symfony/console/Application.php(284): Symfony\\Component\\Console\\Application->find('sever')
#1 /Users/darkmariod/Documents/GitHub/Laravel/projects-monkey/inventory/api-inventory/vendor/symfony/console/Application.php(193): Symfony\\Component\\Console\\Application->doRun(Object(Symfony\\Component\\Console\\Input\\ArgvInput), Object(Symfony\\Component\\Console\\Output\\ConsoleOutput))
#2 /Users/darkmariod/Documents/GitHub/Laravel/projects-monkey/inventory/api-inventory/vendor/laravel/framework/src/Illuminate/Foundation/Console/Kernel.php(198): Symfony\\Component\\Console\\Application->run(Object(Symfony\\Component\\Console\\Input\\ArgvInput), Object(Symfony\\Component\\Console\\Output\\ConsoleOutput))
#3 /Users/darkmariod/Documents/GitHub/Laravel/projects-monkey/inventory/api-inventory/vendor/laravel/framework/src/Illuminate/Foundation/Application.php(1235): Illuminate\\Foundation\\Console\\Kernel->handle(Object(Symfony\\Component\\Console\\Input\\ArgvInput), Object(Symfony\\Component\\Console\\Output\\ConsoleOutput))
#4 /Users/darkmariod/Documents/GitHub/Laravel/projects-monkey/inventory/api-inventory/artisan(13): Illuminate\\Foundation\\Application->handleCommand(Object(Symfony\\Component\\Console\\Input\\ArgvInput))
#5 {main}
"} 
